<?xml version="1.0" encoding="UTF-8"?>
<testsuite xmlns:xsi="http://www.w3.org/2001/XMLSchema-instance" xsi:noNamespaceSchemaLocation="https://maven.apache.org/surefire/maven-surefire-plugin/xsd/surefire-test-report.xsd" name="edu.zhuravlev.sql.example.EntityAnalyserTest" time="0.053" tests="4" errors="0" skipped="0" failures="0">
  <properties>
    <property name="sun.desktop" value="windows"/>
    <property name="awt.toolkit" value="sun.awt.windows.WToolkit"/>
    <property name="java.specification.version" value="11"/>
    <property name="sun.cpu.isalist" value="amd64"/>
    <property name="sun.jnu.encoding" value="Cp1251"/>
    <property name="java.class.path" value="C:\Users\Zh_Nikolay\IdeaProjects\postgresqlCRUD\target\test-classes;C:\Users\Zh_Nikolay\IdeaProjects\postgresqlCRUD\target\classes;C:\Users\Zh_Nikolay\.m2\repository\org\postgresql\postgresql\42.5.0\postgresql-42.5.0.jar;C:\Users\Zh_Nikolay\.m2\repository\org\checkerframework\checker-qual\3.5.0\checker-qual-3.5.0.jar;C:\Users\Zh_Nikolay\.m2\repository\com\google\guava\guava\31.1-jre\guava-31.1-jre.jar;C:\Users\Zh_Nikolay\.m2\repository\com\google\guava\failureaccess\1.0.1\failureaccess-1.0.1.jar;C:\Users\Zh_Nikolay\.m2\repository\com\google\guava\listenablefuture\9999.0-empty-to-avoid-conflict-with-guava\listenablefuture-9999.0-empty-to-avoid-conflict-with-guava.jar;C:\Users\Zh_Nikolay\.m2\repository\com\google\code\findbugs\jsr305\3.0.2\jsr305-3.0.2.jar;C:\Users\Zh_Nikolay\.m2\repository\com\google\errorprone\error_prone_annotations\2.11.0\error_prone_annotations-2.11.0.jar;C:\Users\Zh_Nikolay\.m2\repository\com\google\j2objc\j2objc-annotations\1.3\j2objc-annotations-1.3.jar;C:\Users\Zh_Nikolay\.m2\repository\org\junit\jupiter\junit-jupiter-api\5.9.0\junit-jupiter-api-5.9.0.jar;C:\Users\Zh_Nikolay\.m2\repository\org\opentest4j\opentest4j\1.2.0\opentest4j-1.2.0.jar;C:\Users\Zh_Nikolay\.m2\repository\org\junit\platform\junit-platform-commons\1.9.0\junit-platform-commons-1.9.0.jar;C:\Users\Zh_Nikolay\.m2\repository\org\apiguardian\apiguardian-api\1.1.2\apiguardian-api-1.1.2.jar;C:\Users\Zh_Nikolay\.m2\repository\org\junit\jupiter\junit-jupiter-engine\5.9.0\junit-jupiter-engine-5.9.0.jar;C:\Users\Zh_Nikolay\.m2\repository\org\junit\platform\junit-platform-engine\1.9.0\junit-platform-engine-1.9.0.jar;C:\Users\Zh_Nikolay\.m2\repository\org\junit\platform\junit-platform-suite\1.9.0\junit-platform-suite-1.9.0.jar;C:\Users\Zh_Nikolay\.m2\repository\org\junit\platform\junit-platform-suite-api\1.9.0\junit-platform-suite-api-1.9.0.jar;C:\Users\Zh_Nikolay\.m2\repository\org\junit\platform\junit-platform-suite-engine\1.9.0\junit-platform-suite-engine-1.9.0.jar;C:\Users\Zh_Nikolay\.m2\repository\org\junit\platform\junit-platform-suite-commons\1.9.0\junit-platform-suite-commons-1.9.0.jar;C:\Users\Zh_Nikolay\.m2\repository\org\junit\platform\junit-platform-launcher\1.9.0\junit-platform-launcher-1.9.0.jar;C:\Users\Zh_Nikolay\.m2\repository\org\junit\jupiter\junit-jupiter-params\5.3.2\junit-jupiter-params-5.3.2.jar;C:\Users\Zh_Nikolay\.m2\repository\com\fasterxml\jackson\core\jackson-databind\2.14.0\jackson-databind-2.14.0.jar;C:\Users\Zh_Nikolay\.m2\repository\com\fasterxml\jackson\core\jackson-annotations\2.14.0\jackson-annotations-2.14.0.jar;C:\Users\Zh_Nikolay\.m2\repository\com\fasterxml\jackson\core\jackson-core\2.14.0\jackson-core-2.14.0.jar;"/>
    <property name="java.vm.vendor" value="Amazon.com Inc."/>
    <property name="sun.arch.data.model" value="64"/>
    <property name="user.variant" value=""/>
    <property name="java.vendor.url" value="https://aws.amazon.com/corretto/"/>
    <property name="user.timezone" value="Europe/Moscow"/>
    <property name="java.vm.specification.version" value="11"/>
    <property name="os.name" value="Windows 10"/>
    <property name="sun.java.launcher" value="SUN_STANDARD"/>
    <property name="user.country" value="RU"/>
    <property name="sun.boot.library.path" value="C:\Users\Zh_Nikolay\.jdks\corretto-11.0.16\bin"/>
    <property name="sun.java.command" value="C:\Users\ZH_NIK~1\AppData\Local\Temp\surefire2768963331831074997\surefirebooter16714072930220193096.jar C:\Users\Zh_Nikolay\AppData\Local\Temp\surefire2768963331831074997 2022-11-13T01-44-16_861-jvmRun1 surefire16245371940696820507tmp surefire_0305289545759953350tmp"/>
    <property name="jdk.debug" value="release"/>
    <property name="surefire.test.class.path" value="C:\Users\Zh_Nikolay\IdeaProjects\postgresqlCRUD\target\test-classes;C:\Users\Zh_Nikolay\IdeaProjects\postgresqlCRUD\target\classes;C:\Users\Zh_Nikolay\.m2\repository\org\postgresql\postgresql\42.5.0\postgresql-42.5.0.jar;C:\Users\Zh_Nikolay\.m2\repository\org\checkerframework\checker-qual\3.5.0\checker-qual-3.5.0.jar;C:\Users\Zh_Nikolay\.m2\repository\com\google\guava\guava\31.1-jre\guava-31.1-jre.jar;C:\Users\Zh_Nikolay\.m2\repository\com\google\guava\failureaccess\1.0.1\failureaccess-1.0.1.jar;C:\Users\Zh_Nikolay\.m2\repository\com\google\guava\listenablefuture\9999.0-empty-to-avoid-conflict-with-guava\listenablefuture-9999.0-empty-to-avoid-conflict-with-guava.jar;C:\Users\Zh_Nikolay\.m2\repository\com\google\code\findbugs\jsr305\3.0.2\jsr305-3.0.2.jar;C:\Users\Zh_Nikolay\.m2\repository\com\google\errorprone\error_prone_annotations\2.11.0\error_prone_annotations-2.11.0.jar;C:\Users\Zh_Nikolay\.m2\repository\com\google\j2objc\j2objc-annotations\1.3\j2objc-annotations-1.3.jar;C:\Users\Zh_Nikolay\.m2\repository\org\junit\jupiter\junit-jupiter-api\5.9.0\junit-jupiter-api-5.9.0.jar;C:\Users\Zh_Nikolay\.m2\repository\org\opentest4j\opentest4j\1.2.0\opentest4j-1.2.0.jar;C:\Users\Zh_Nikolay\.m2\repository\org\junit\platform\junit-platform-commons\1.9.0\junit-platform-commons-1.9.0.jar;C:\Users\Zh_Nikolay\.m2\repository\org\apiguardian\apiguardian-api\1.1.2\apiguardian-api-1.1.2.jar;C:\Users\Zh_Nikolay\.m2\repository\org\junit\jupiter\junit-jupiter-engine\5.9.0\junit-jupiter-engine-5.9.0.jar;C:\Users\Zh_Nikolay\.m2\repository\org\junit\platform\junit-platform-engine\1.9.0\junit-platform-engine-1.9.0.jar;C:\Users\Zh_Nikolay\.m2\repository\org\junit\platform\junit-platform-suite\1.9.0\junit-platform-suite-1.9.0.jar;C:\Users\Zh_Nikolay\.m2\repository\org\junit\platform\junit-platform-suite-api\1.9.0\junit-platform-suite-api-1.9.0.jar;C:\Users\Zh_Nikolay\.m2\repository\org\junit\platform\junit-platform-suite-engine\1.9.0\junit-platform-suite-engine-1.9.0.jar;C:\Users\Zh_Nikolay\.m2\repository\org\junit\platform\junit-platform-suite-commons\1.9.0\junit-platform-suite-commons-1.9.0.jar;C:\Users\Zh_Nikolay\.m2\repository\org\junit\platform\junit-platform-launcher\1.9.0\junit-platform-launcher-1.9.0.jar;C:\Users\Zh_Nikolay\.m2\repository\org\junit\jupiter\junit-jupiter-params\5.3.2\junit-jupiter-params-5.3.2.jar;C:\Users\Zh_Nikolay\.m2\repository\com\fasterxml\jackson\core\jackson-databind\2.14.0\jackson-databind-2.14.0.jar;C:\Users\Zh_Nikolay\.m2\repository\com\fasterxml\jackson\core\jackson-annotations\2.14.0\jackson-annotations-2.14.0.jar;C:\Users\Zh_Nikolay\.m2\repository\com\fasterxml\jackson\core\jackson-core\2.14.0\jackson-core-2.14.0.jar;"/>
    <property name="sun.cpu.endian" value="little"/>
    <property name="user.home" value="C:\Users\Zh_Nikolay"/>
    <property name="user.language" value="ru"/>
    <property name="java.specification.vendor" value="Oracle Corporation"/>
    <property name="java.version.date" value="2022-07-19"/>
    <property name="java.home" value="C:\Users\Zh_Nikolay\.jdks\corretto-11.0.16"/>
    <property name="file.separator" value="\"/>
    <property name="basedir" value="C:\Users\Zh_Nikolay\IdeaProjects\postgresqlCRUD"/>
    <property name="java.vm.compressedOopsMode" value="Zero based"/>
    <property name="line.separator" value="&#10;"/>
    <property name="java.specification.name" value="Java Platform API Specification"/>
    <property name="java.vm.specification.vendor" value="Oracle Corporation"/>
    <property name="java.awt.graphicsenv" value="sun.awt.Win32GraphicsEnvironment"/>
    <property name="surefire.real.class.path" value="C:\Users\ZH_NIK~1\AppData\Local\Temp\surefire2768963331831074997\surefirebooter16714072930220193096.jar"/>
    <property name="user.script" value=""/>
    <property name="sun.management.compiler" value="HotSpot 64-Bit Tiered Compilers"/>
    <property name="java.runtime.version" value="11.0.16+8-LTS"/>
    <property name="user.name" value="Zh_Nikolay"/>
    <property name="path.separator" value=";"/>
    <property name="os.version" value="10.0"/>
    <property name="java.runtime.name" value="OpenJDK Runtime Environment"/>
    <property name="file.encoding" value="Cp1251"/>
    <property name="java.vm.name" value="OpenJDK 64-Bit Server VM"/>
    <property name="java.vendor.version" value="Corretto-11.0.16.8.1"/>
    <property name="localRepository" value="C:\Users\Zh_Nikolay\.m2\repository"/>
    <property name="java.vendor.url.bug" value="https://github.com/corretto/corretto-11/issues/"/>
    <property name="java.io.tmpdir" value="C:\Users\ZH_NIK~1\AppData\Local\Temp\"/>
    <property name="idea.version" value="2022.2.2"/>
    <property name="java.version" value="11.0.16"/>
    <property name="user.dir" value="C:\Users\Zh_Nikolay\IdeaProjects\postgresqlCRUD"/>
    <property name="os.arch" value="amd64"/>
    <property name="java.vm.specification.name" value="Java Virtual Machine Specification"/>
    <property name="java.awt.printerjob" value="sun.awt.windows.WPrinterJob"/>
    <property name="sun.os.patch.level" value=""/>
    <property name="java.library.path" value="C:\Users\Zh_Nikolay\.jdks\corretto-11.0.16\bin;C:\WINDOWS\Sun\Java\bin;C:\WINDOWS\system32;C:\WINDOWS;C:\Program Files (x86)\VMware\VMware Workstation\bin\;C:\WINDOWS\system32;C:\WINDOWS;C:\WINDOWS\System32\Wbem;C:\WINDOWS\System32\WindowsPowerShell\v1.0\;C:\WINDOWS\System32\OpenSSH\;C:\Program Files (x86)\ATI Technologies\ATI.ACE\Core-Static;C:\Program Files (x86)\AMD\ATI.ACE\Core-Static;C:\Program Files\Git\cmd;C:\Users\Zh_Nikolay\AppData\Local\Programs\Python\Python310\Scripts\;C:\Users\Zh_Nikolay\AppData\Local\Programs\Python\Python310\;C:\Users\Zh_Nikolay\AppData\Local\Microsoft\WindowsApps;;C:\Program Files\JetBrains\IntelliJ IDEA 2022.1.2\bin;;C:\Program Files\JetBrains\IntelliJ IDEA Community Edition 2022.2.1\bin;;C:\Program Files\JetBrains\PyCharm Community Edition 2022.2.1\bin;;."/>
    <property name="java.vm.info" value="mixed mode"/>
    <property name="java.vendor" value="Amazon.com Inc."/>
    <property name="java.vm.version" value="11.0.16+8-LTS"/>
    <property name="sun.io.unicode.encoding" value="UnicodeLittle"/>
    <property name="java.class.version" value="55.0"/>
  </properties>
  <testcase name="getFieldsNameAndType" classname="edu.zhuravlev.sql.example.EntityAnalyserTest" time="0.032"/>
  <testcase name="getId" classname="edu.zhuravlev.sql.example.EntityAnalyserTest" time="0"/>
  <testcase name="setFields" classname="edu.zhuravlev.sql.example.EntityAnalyserTest" time="0.001"/>
  <testcase name="getValues" classname="edu.zhuravlev.sql.example.EntityAnalyserTest" time="0.001"/>
</testsuite>